C:\Users\Andreea\Desktop\DAW\InscrieriStudenti\angular-tour-of-heroes\dist\out-tsc\app\interfaces\hero.js
C:\Users\Andreea\Desktop\DAW\InscrieriStudenti\angular-tour-of-heroes\dist\out-tsc\app\interfaces\hero.js.map
C:\Users\Andreea\Desktop\DAW\InscrieriStudenti\angular-tour-of-heroes\dist\out-tsc\app\mock-data\mock-heroes.js
C:\Users\Andreea\Desktop\DAW\InscrieriStudenti\angular-tour-of-heroes\dist\out-tsc\app\mock-data\mock-heroes.js.map
C:\Users\Andreea\Desktop\DAW\InscrieriStudenti\angular-tour-of-heroes\dist\out-tsc\app\message.service.js
C:\Users\Andreea\Desktop\DAW\InscrieriStudenti\angular-tour-of-heroes\dist\out-tsc\app\message.service.js.map
C:\Users\Andreea\Desktop\DAW\InscrieriStudenti\angular-tour-of-heroes\dist\out-tsc\app\hero.service.js
C:\Users\Andreea\Desktop\DAW\InscrieriStudenti\angular-tour-of-heroes\dist\out-tsc\app\hero.service.js.map
C:\Users\Andreea\Desktop\DAW\InscrieriStudenti\angular-tour-of-heroes\dist\out-tsc\app\dashboard\dashboard.component.js
C:\Users\Andreea\Desktop\DAW\InscrieriStudenti\angular-tour-of-heroes\dist\out-tsc\app\dashboard\dashboard.component.js.map
C:\Users\Andreea\Desktop\DAW\InscrieriStudenti\angular-tour-of-heroes\dist\out-tsc\app\hero-detail\hero-detail.component.js
C:\Users\Andreea\Desktop\DAW\InscrieriStudenti\angular-tour-of-heroes\dist\out-tsc\app\hero-detail\hero-detail.component.js.map
C:\Users\Andreea\Desktop\DAW\InscrieriStudenti\angular-tour-of-heroes\dist\out-tsc\app\heroes\heroes.component.js
C:\Users\Andreea\Desktop\DAW\InscrieriStudenti\angular-tour-of-heroes\dist\out-tsc\app\heroes\heroes.component.js.map
C:\Users\Andreea\Desktop\DAW\InscrieriStudenti\angular-tour-of-heroes\dist\out-tsc\app\app-routing.module.js
C:\Users\Andreea\Desktop\DAW\InscrieriStudenti\angular-tour-of-heroes\dist\out-tsc\app\app-routing.module.js.map
C:\Users\Andreea\Desktop\DAW\InscrieriStudenti\angular-tour-of-heroes\dist\out-tsc\app\app.component.js
C:\Users\Andreea\Desktop\DAW\InscrieriStudenti\angular-tour-of-heroes\dist\out-tsc\app\app.component.js.map
C:\Users\Andreea\Desktop\DAW\InscrieriStudenti\angular-tour-of-heroes\dist\out-tsc\app\messages\messages.component.js
C:\Users\Andreea\Desktop\DAW\InscrieriStudenti\angular-tour-of-heroes\dist\out-tsc\app\messages\messages.component.js.map
C:\Users\Andreea\Desktop\DAW\InscrieriStudenti\angular-tour-of-heroes\dist\out-tsc\app\app.module.js
C:\Users\Andreea\Desktop\DAW\InscrieriStudenti\angular-tour-of-heroes\dist\out-tsc\app\app.module.js.map
C:\Users\Andreea\Desktop\DAW\InscrieriStudenti\angular-tour-of-heroes\dist\out-tsc\environments\environment.js
C:\Users\Andreea\Desktop\DAW\InscrieriStudenti\angular-tour-of-heroes\dist\out-tsc\environments\environment.js.map
C:\Users\Andreea\Desktop\DAW\InscrieriStudenti\angular-tour-of-heroes\dist\out-tsc\main.js
C:\Users\Andreea\Desktop\DAW\InscrieriStudenti\angular-tour-of-heroes\dist\out-tsc\main.js.map
C:\Users\Andreea\Desktop\DAW\InscrieriStudenti\angular-tour-of-heroes\dist\out-tsc\polyfills.js
C:\Users\Andreea\Desktop\DAW\InscrieriStudenti\angular-tour-of-heroes\dist\out-tsc\polyfills.js.map
C:\Users\Andreea\Desktop\DAW\InscrieriStudenti\angular-tour-of-heroes\dist\out-tsc\test.js
C:\Users\Andreea\Desktop\DAW\InscrieriStudenti\angular-tour-of-heroes\dist\out-tsc\test.js.map
C:\Users\Andreea\Desktop\DAW\InscrieriStudenti\angular-tour-of-heroes\dist\out-tsc\app\app.component.spec.js
C:\Users\Andreea\Desktop\DAW\InscrieriStudenti\angular-tour-of-heroes\dist\out-tsc\app\app.component.spec.js.map
C:\Users\Andreea\Desktop\DAW\InscrieriStudenti\angular-tour-of-heroes\dist\out-tsc\app\hero.service.spec.js
C:\Users\Andreea\Desktop\DAW\InscrieriStudenti\angular-tour-of-heroes\dist\out-tsc\app\hero.service.spec.js.map
C:\Users\Andreea\Desktop\DAW\InscrieriStudenti\angular-tour-of-heroes\dist\out-tsc\app\message.service.spec.js
C:\Users\Andreea\Desktop\DAW\InscrieriStudenti\angular-tour-of-heroes\dist\out-tsc\app\message.service.spec.js.map
C:\Users\Andreea\Desktop\DAW\InscrieriStudenti\angular-tour-of-heroes\dist\out-tsc\app\dashboard\dashboard.component.spec.js
C:\Users\Andreea\Desktop\DAW\InscrieriStudenti\angular-tour-of-heroes\dist\out-tsc\app\dashboard\dashboard.component.spec.js.map
C:\Users\Andreea\Desktop\DAW\InscrieriStudenti\angular-tour-of-heroes\dist\out-tsc\app\hero-detail\hero-detail.component.spec.js
C:\Users\Andreea\Desktop\DAW\InscrieriStudenti\angular-tour-of-heroes\dist\out-tsc\app\hero-detail\hero-detail.component.spec.js.map
C:\Users\Andreea\Desktop\DAW\InscrieriStudenti\angular-tour-of-heroes\dist\out-tsc\app\heroes\heroes.component.spec.js
C:\Users\Andreea\Desktop\DAW\InscrieriStudenti\angular-tour-of-heroes\dist\out-tsc\app\heroes\heroes.component.spec.js.map
C:\Users\Andreea\Desktop\DAW\InscrieriStudenti\angular-tour-of-heroes\dist\out-tsc\app\messages\messages.component.spec.js
C:\Users\Andreea\Desktop\DAW\InscrieriStudenti\angular-tour-of-heroes\dist\out-tsc\app\messages\messages.component.spec.js.map
C:\Users\Andreea\Desktop\DAW\InscrieriStudenti\angular-tour-of-heroes\dist\out-tsc\environments\environment.prod.js
C:\Users\Andreea\Desktop\DAW\InscrieriStudenti\angular-tour-of-heroes\dist\out-tsc\environments\environment.prod.js.map
