C:\Users\Andreea\Desktop\DAW\InscrieriStudenti\angular-cursuri\dist\out-tsc\app\interfaces\curs.js
C:\Users\Andreea\Desktop\DAW\InscrieriStudenti\angular-cursuri\dist\out-tsc\app\interfaces\curs.js.map
C:\Users\Andreea\Desktop\DAW\InscrieriStudenti\angular-cursuri\dist\out-tsc\app\mock-data\mock-courses.js
C:\Users\Andreea\Desktop\DAW\InscrieriStudenti\angular-cursuri\dist\out-tsc\app\mock-data\mock-courses.js.map
C:\Users\Andreea\Desktop\DAW\InscrieriStudenti\angular-cursuri\dist\out-tsc\app\message.service.js
C:\Users\Andreea\Desktop\DAW\InscrieriStudenti\angular-cursuri\dist\out-tsc\app\message.service.js.map
C:\Users\Andreea\Desktop\DAW\InscrieriStudenti\angular-cursuri\dist\out-tsc\app\curs.service.js
C:\Users\Andreea\Desktop\DAW\InscrieriStudenti\angular-cursuri\dist\out-tsc\app\curs.service.js.map
C:\Users\Andreea\Desktop\DAW\InscrieriStudenti\angular-cursuri\dist\out-tsc\app\dashboard\dashboard.component.js
C:\Users\Andreea\Desktop\DAW\InscrieriStudenti\angular-cursuri\dist\out-tsc\app\dashboard\dashboard.component.js.map
C:\Users\Andreea\Desktop\DAW\InscrieriStudenti\angular-cursuri\dist\out-tsc\app\course-detail\course-detail.component.js
C:\Users\Andreea\Desktop\DAW\InscrieriStudenti\angular-cursuri\dist\out-tsc\app\course-detail\course-detail.component.js.map
C:\Users\Andreea\Desktop\DAW\InscrieriStudenti\angular-cursuri\dist\out-tsc\app\cursuri\cursuri.component.js
C:\Users\Andreea\Desktop\DAW\InscrieriStudenti\angular-cursuri\dist\out-tsc\app\cursuri\cursuri.component.js.map
C:\Users\Andreea\Desktop\DAW\InscrieriStudenti\angular-cursuri\dist\out-tsc\app\app-routing.module.js
C:\Users\Andreea\Desktop\DAW\InscrieriStudenti\angular-cursuri\dist\out-tsc\app\app-routing.module.js.map
C:\Users\Andreea\Desktop\DAW\InscrieriStudenti\angular-cursuri\dist\out-tsc\app\app.component.js
C:\Users\Andreea\Desktop\DAW\InscrieriStudenti\angular-cursuri\dist\out-tsc\app\app.component.js.map
C:\Users\Andreea\Desktop\DAW\InscrieriStudenti\angular-cursuri\dist\out-tsc\app\messages\messages.component.js
C:\Users\Andreea\Desktop\DAW\InscrieriStudenti\angular-cursuri\dist\out-tsc\app\messages\messages.component.js.map
C:\Users\Andreea\Desktop\DAW\InscrieriStudenti\angular-cursuri\dist\out-tsc\app\form-test\form-test.component.js
C:\Users\Andreea\Desktop\DAW\InscrieriStudenti\angular-cursuri\dist\out-tsc\app\form-test\form-test.component.js.map
C:\Users\Andreea\Desktop\DAW\InscrieriStudenti\angular-cursuri\dist\out-tsc\app\template-driven-test\template-driven-test.component.js
C:\Users\Andreea\Desktop\DAW\InscrieriStudenti\angular-cursuri\dist\out-tsc\app\template-driven-test\template-driven-test.component.js.map
C:\Users\Andreea\Desktop\DAW\InscrieriStudenti\angular-cursuri\dist\out-tsc\app\directives\highlight.directive.js
C:\Users\Andreea\Desktop\DAW\InscrieriStudenti\angular-cursuri\dist\out-tsc\app\directives\highlight.directive.js.map
C:\Users\Andreea\Desktop\DAW\InscrieriStudenti\angular-cursuri\dist\out-tsc\app\app.module.js
C:\Users\Andreea\Desktop\DAW\InscrieriStudenti\angular-cursuri\dist\out-tsc\app\app.module.js.map
C:\Users\Andreea\Desktop\DAW\InscrieriStudenti\angular-cursuri\dist\out-tsc\environments\environment.js
C:\Users\Andreea\Desktop\DAW\InscrieriStudenti\angular-cursuri\dist\out-tsc\environments\environment.js.map
C:\Users\Andreea\Desktop\DAW\InscrieriStudenti\angular-cursuri\dist\out-tsc\main.js
C:\Users\Andreea\Desktop\DAW\InscrieriStudenti\angular-cursuri\dist\out-tsc\main.js.map
C:\Users\Andreea\Desktop\DAW\InscrieriStudenti\angular-cursuri\dist\out-tsc\polyfills.js
C:\Users\Andreea\Desktop\DAW\InscrieriStudenti\angular-cursuri\dist\out-tsc\polyfills.js.map
C:\Users\Andreea\Desktop\DAW\InscrieriStudenti\angular-cursuri\dist\out-tsc\test.js
C:\Users\Andreea\Desktop\DAW\InscrieriStudenti\angular-cursuri\dist\out-tsc\test.js.map
C:\Users\Andreea\Desktop\DAW\InscrieriStudenti\angular-cursuri\dist\out-tsc\app\app.component.spec.js
C:\Users\Andreea\Desktop\DAW\InscrieriStudenti\angular-cursuri\dist\out-tsc\app\app.component.spec.js.map
C:\Users\Andreea\Desktop\DAW\InscrieriStudenti\angular-cursuri\dist\out-tsc\app\curs.service.spec.js
C:\Users\Andreea\Desktop\DAW\InscrieriStudenti\angular-cursuri\dist\out-tsc\app\curs.service.spec.js.map
C:\Users\Andreea\Desktop\DAW\InscrieriStudenti\angular-cursuri\dist\out-tsc\app\message.service.spec.js
C:\Users\Andreea\Desktop\DAW\InscrieriStudenti\angular-cursuri\dist\out-tsc\app\message.service.spec.js.map
C:\Users\Andreea\Desktop\DAW\InscrieriStudenti\angular-cursuri\dist\out-tsc\app\course-detail\course-detail.component.spec.js
C:\Users\Andreea\Desktop\DAW\InscrieriStudenti\angular-cursuri\dist\out-tsc\app\course-detail\course-detail.component.spec.js.map
C:\Users\Andreea\Desktop\DAW\InscrieriStudenti\angular-cursuri\dist\out-tsc\app\cursuri\cursuri.component.spec.js
C:\Users\Andreea\Desktop\DAW\InscrieriStudenti\angular-cursuri\dist\out-tsc\app\cursuri\cursuri.component.spec.js.map
C:\Users\Andreea\Desktop\DAW\InscrieriStudenti\angular-cursuri\dist\out-tsc\app\dashboard\dashboard.component.spec.js
C:\Users\Andreea\Desktop\DAW\InscrieriStudenti\angular-cursuri\dist\out-tsc\app\dashboard\dashboard.component.spec.js.map
C:\Users\Andreea\Desktop\DAW\InscrieriStudenti\angular-cursuri\dist\out-tsc\app\directives\directiveForbidden.js
C:\Users\Andreea\Desktop\DAW\InscrieriStudenti\angular-cursuri\dist\out-tsc\app\directives\directiveForbidden.js.map
C:\Users\Andreea\Desktop\DAW\InscrieriStudenti\angular-cursuri\dist\out-tsc\app\directives\highlight.directive.spec.js
C:\Users\Andreea\Desktop\DAW\InscrieriStudenti\angular-cursuri\dist\out-tsc\app\directives\highlight.directive.spec.js.map
C:\Users\Andreea\Desktop\DAW\InscrieriStudenti\angular-cursuri\dist\out-tsc\app\form-test\form-test.component.spec.js
C:\Users\Andreea\Desktop\DAW\InscrieriStudenti\angular-cursuri\dist\out-tsc\app\form-test\form-test.component.spec.js.map
C:\Users\Andreea\Desktop\DAW\InscrieriStudenti\angular-cursuri\dist\out-tsc\app\messages\messages.component.spec.js
C:\Users\Andreea\Desktop\DAW\InscrieriStudenti\angular-cursuri\dist\out-tsc\app\messages\messages.component.spec.js.map
C:\Users\Andreea\Desktop\DAW\InscrieriStudenti\angular-cursuri\dist\out-tsc\app\template-driven-test\template-driven-test.component.spec.js
C:\Users\Andreea\Desktop\DAW\InscrieriStudenti\angular-cursuri\dist\out-tsc\app\template-driven-test\template-driven-test.component.spec.js.map
C:\Users\Andreea\Desktop\DAW\InscrieriStudenti\angular-cursuri\dist\out-tsc\environments\environment.prod.js
C:\Users\Andreea\Desktop\DAW\InscrieriStudenti\angular-cursuri\dist\out-tsc\environments\environment.prod.js.map
