D:\an 2 sem 1\DAW\InscrieriStudenti\angular-cursuri\dist\out-tsc\app\interfaces\curs.js
D:\an 2 sem 1\DAW\InscrieriStudenti\angular-cursuri\dist\out-tsc\app\interfaces\curs.js.map
D:\an 2 sem 1\DAW\InscrieriStudenti\angular-cursuri\dist\out-tsc\app\mock-data\mock-courses.js
D:\an 2 sem 1\DAW\InscrieriStudenti\angular-cursuri\dist\out-tsc\app\mock-data\mock-courses.js.map
D:\an 2 sem 1\DAW\InscrieriStudenti\angular-cursuri\dist\out-tsc\app\message.service.js
D:\an 2 sem 1\DAW\InscrieriStudenti\angular-cursuri\dist\out-tsc\app\message.service.js.map
D:\an 2 sem 1\DAW\InscrieriStudenti\angular-cursuri\dist\out-tsc\app\curs.service.js
D:\an 2 sem 1\DAW\InscrieriStudenti\angular-cursuri\dist\out-tsc\app\curs.service.js.map
D:\an 2 sem 1\DAW\InscrieriStudenti\angular-cursuri\dist\out-tsc\app\dashboard\dashboard.component.js
D:\an 2 sem 1\DAW\InscrieriStudenti\angular-cursuri\dist\out-tsc\app\dashboard\dashboard.component.js.map
D:\an 2 sem 1\DAW\InscrieriStudenti\angular-cursuri\dist\out-tsc\app\course-detail\course-detail.component.js
D:\an 2 sem 1\DAW\InscrieriStudenti\angular-cursuri\dist\out-tsc\app\course-detail\course-detail.component.js.map
D:\an 2 sem 1\DAW\InscrieriStudenti\angular-cursuri\dist\out-tsc\app\cursuri\cursuri.component.js
D:\an 2 sem 1\DAW\InscrieriStudenti\angular-cursuri\dist\out-tsc\app\cursuri\cursuri.component.js.map
D:\an 2 sem 1\DAW\InscrieriStudenti\angular-cursuri\dist\out-tsc\app\auth.service.js
D:\an 2 sem 1\DAW\InscrieriStudenti\angular-cursuri\dist\out-tsc\app\auth.service.js.map
D:\an 2 sem 1\DAW\InscrieriStudenti\angular-cursuri\dist\out-tsc\app\home\home.component.js
D:\an 2 sem 1\DAW\InscrieriStudenti\angular-cursuri\dist\out-tsc\app\home\home.component.js.map
D:\an 2 sem 1\DAW\InscrieriStudenti\angular-cursuri\dist\out-tsc\app\models\login.js
D:\an 2 sem 1\DAW\InscrieriStudenti\angular-cursuri\dist\out-tsc\app\models\login.js.map
D:\an 2 sem 1\DAW\InscrieriStudenti\angular-cursuri\dist\out-tsc\app\models\register.js
D:\an 2 sem 1\DAW\InscrieriStudenti\angular-cursuri\dist\out-tsc\app\models\register.js.map
D:\an 2 sem 1\DAW\InscrieriStudenti\angular-cursuri\dist\out-tsc\app\login\login.component.js
D:\an 2 sem 1\DAW\InscrieriStudenti\angular-cursuri\dist\out-tsc\app\login\login.component.js.map
D:\an 2 sem 1\DAW\InscrieriStudenti\angular-cursuri\dist\out-tsc\app\register\register.component.js
D:\an 2 sem 1\DAW\InscrieriStudenti\angular-cursuri\dist\out-tsc\app\register\register.component.js.map
D:\an 2 sem 1\DAW\InscrieriStudenti\angular-cursuri\dist\out-tsc\app\auth-guard.guard.js
D:\an 2 sem 1\DAW\InscrieriStudenti\angular-cursuri\dist\out-tsc\app\auth-guard.guard.js.map
D:\an 2 sem 1\DAW\InscrieriStudenti\angular-cursuri\dist\out-tsc\app\mission.service.js
D:\an 2 sem 1\DAW\InscrieriStudenti\angular-cursuri\dist\out-tsc\app\mission.service.js.map
D:\an 2 sem 1\DAW\InscrieriStudenti\angular-cursuri\dist\out-tsc\app\astronaut\astronaut.component.js
D:\an 2 sem 1\DAW\InscrieriStudenti\angular-cursuri\dist\out-tsc\app\astronaut\astronaut.component.js.map
D:\an 2 sem 1\DAW\InscrieriStudenti\angular-cursuri\dist\out-tsc\app\count-down\count-down.component.js
D:\an 2 sem 1\DAW\InscrieriStudenti\angular-cursuri\dist\out-tsc\app\count-down\count-down.component.js.map
D:\an 2 sem 1\DAW\InscrieriStudenti\angular-cursuri\dist\out-tsc\app\app-routing.module.js
D:\an 2 sem 1\DAW\InscrieriStudenti\angular-cursuri\dist\out-tsc\app\app-routing.module.js.map
D:\an 2 sem 1\DAW\InscrieriStudenti\angular-cursuri\dist\out-tsc\app\app.component.js
D:\an 2 sem 1\DAW\InscrieriStudenti\angular-cursuri\dist\out-tsc\app\app.component.js.map
D:\an 2 sem 1\DAW\InscrieriStudenti\angular-cursuri\dist\out-tsc\app\messages\messages.component.js
D:\an 2 sem 1\DAW\InscrieriStudenti\angular-cursuri\dist\out-tsc\app\messages\messages.component.js.map
D:\an 2 sem 1\DAW\InscrieriStudenti\angular-cursuri\dist\out-tsc\app\form-test\form-test.component.js
D:\an 2 sem 1\DAW\InscrieriStudenti\angular-cursuri\dist\out-tsc\app\form-test\form-test.component.js.map
D:\an 2 sem 1\DAW\InscrieriStudenti\angular-cursuri\dist\out-tsc\app\template-driven-test\template-driven-test.component.js
D:\an 2 sem 1\DAW\InscrieriStudenti\angular-cursuri\dist\out-tsc\app\template-driven-test\template-driven-test.component.js.map
D:\an 2 sem 1\DAW\InscrieriStudenti\angular-cursuri\dist\out-tsc\app\directives\highlight.directive.js
D:\an 2 sem 1\DAW\InscrieriStudenti\angular-cursuri\dist\out-tsc\app\directives\highlight.directive.js.map
D:\an 2 sem 1\DAW\InscrieriStudenti\angular-cursuri\dist\out-tsc\app\models\hero.js
D:\an 2 sem 1\DAW\InscrieriStudenti\angular-cursuri\dist\out-tsc\app\models\hero.js.map
D:\an 2 sem 1\DAW\InscrieriStudenti\angular-cursuri\dist\out-tsc\app\hero-child\hero-child.component.js
D:\an 2 sem 1\DAW\InscrieriStudenti\angular-cursuri\dist\out-tsc\app\hero-child\hero-child.component.js.map
D:\an 2 sem 1\DAW\InscrieriStudenti\angular-cursuri\dist\out-tsc\app\mock-data\mock-heroes.js
D:\an 2 sem 1\DAW\InscrieriStudenti\angular-cursuri\dist\out-tsc\app\mock-data\mock-heroes.js.map
D:\an 2 sem 1\DAW\InscrieriStudenti\angular-cursuri\dist\out-tsc\app\hero-parent\hero-parent.component.js
D:\an 2 sem 1\DAW\InscrieriStudenti\angular-cursuri\dist\out-tsc\app\hero-parent\hero-parent.component.js.map
D:\an 2 sem 1\DAW\InscrieriStudenti\angular-cursuri\dist\out-tsc\app\name-child\name-child.component.js
D:\an 2 sem 1\DAW\InscrieriStudenti\angular-cursuri\dist\out-tsc\app\name-child\name-child.component.js.map
D:\an 2 sem 1\DAW\InscrieriStudenti\angular-cursuri\dist\out-tsc\app\name-parent\name-parent.component.js
D:\an 2 sem 1\DAW\InscrieriStudenti\angular-cursuri\dist\out-tsc\app\name-parent\name-parent.component.js.map
D:\an 2 sem 1\DAW\InscrieriStudenti\angular-cursuri\dist\out-tsc\app\voter\voter.component.js
D:\an 2 sem 1\DAW\InscrieriStudenti\angular-cursuri\dist\out-tsc\app\voter\voter.component.js.map
D:\an 2 sem 1\DAW\InscrieriStudenti\angular-cursuri\dist\out-tsc\app\votetaker\votetaker.component.js
D:\an 2 sem 1\DAW\InscrieriStudenti\angular-cursuri\dist\out-tsc\app\votetaker\votetaker.component.js.map
D:\an 2 sem 1\DAW\InscrieriStudenti\angular-cursuri\dist\out-tsc\app\mission-control\mission-control.component.js
D:\an 2 sem 1\DAW\InscrieriStudenti\angular-cursuri\dist\out-tsc\app\mission-control\mission-control.component.js.map
D:\an 2 sem 1\DAW\InscrieriStudenti\angular-cursuri\dist\out-tsc\app\app.module.js
D:\an 2 sem 1\DAW\InscrieriStudenti\angular-cursuri\dist\out-tsc\app\app.module.js.map
D:\an 2 sem 1\DAW\InscrieriStudenti\angular-cursuri\dist\out-tsc\environments\environment.js
D:\an 2 sem 1\DAW\InscrieriStudenti\angular-cursuri\dist\out-tsc\environments\environment.js.map
D:\an 2 sem 1\DAW\InscrieriStudenti\angular-cursuri\dist\out-tsc\main.js
D:\an 2 sem 1\DAW\InscrieriStudenti\angular-cursuri\dist\out-tsc\main.js.map
D:\an 2 sem 1\DAW\InscrieriStudenti\angular-cursuri\dist\out-tsc\polyfills.js
D:\an 2 sem 1\DAW\InscrieriStudenti\angular-cursuri\dist\out-tsc\polyfills.js.map
D:\an 2 sem 1\DAW\InscrieriStudenti\angular-cursuri\dist\out-tsc\test.js
D:\an 2 sem 1\DAW\InscrieriStudenti\angular-cursuri\dist\out-tsc\test.js.map
D:\an 2 sem 1\DAW\InscrieriStudenti\angular-cursuri\dist\out-tsc\app\app.component.spec.js
D:\an 2 sem 1\DAW\InscrieriStudenti\angular-cursuri\dist\out-tsc\app\app.component.spec.js.map
D:\an 2 sem 1\DAW\InscrieriStudenti\angular-cursuri\dist\out-tsc\app\auth-guard.guard.spec.js
D:\an 2 sem 1\DAW\InscrieriStudenti\angular-cursuri\dist\out-tsc\app\auth-guard.guard.spec.js.map
D:\an 2 sem 1\DAW\InscrieriStudenti\angular-cursuri\dist\out-tsc\app\auth.service.spec.js
D:\an 2 sem 1\DAW\InscrieriStudenti\angular-cursuri\dist\out-tsc\app\auth.service.spec.js.map
D:\an 2 sem 1\DAW\InscrieriStudenti\angular-cursuri\dist\out-tsc\app\curs.service.spec.js
D:\an 2 sem 1\DAW\InscrieriStudenti\angular-cursuri\dist\out-tsc\app\curs.service.spec.js.map
D:\an 2 sem 1\DAW\InscrieriStudenti\angular-cursuri\dist\out-tsc\app\message.service.spec.js
D:\an 2 sem 1\DAW\InscrieriStudenti\angular-cursuri\dist\out-tsc\app\message.service.spec.js.map
D:\an 2 sem 1\DAW\InscrieriStudenti\angular-cursuri\dist\out-tsc\app\mission.service.spec.js
D:\an 2 sem 1\DAW\InscrieriStudenti\angular-cursuri\dist\out-tsc\app\mission.service.spec.js.map
D:\an 2 sem 1\DAW\InscrieriStudenti\angular-cursuri\dist\out-tsc\app\astronaut\astronaut.component.spec.js
D:\an 2 sem 1\DAW\InscrieriStudenti\angular-cursuri\dist\out-tsc\app\astronaut\astronaut.component.spec.js.map
D:\an 2 sem 1\DAW\InscrieriStudenti\angular-cursuri\dist\out-tsc\app\count-down\count-down.component.spec.js
D:\an 2 sem 1\DAW\InscrieriStudenti\angular-cursuri\dist\out-tsc\app\count-down\count-down.component.spec.js.map
D:\an 2 sem 1\DAW\InscrieriStudenti\angular-cursuri\dist\out-tsc\app\course-detail\course-detail.component.spec.js
D:\an 2 sem 1\DAW\InscrieriStudenti\angular-cursuri\dist\out-tsc\app\course-detail\course-detail.component.spec.js.map
D:\an 2 sem 1\DAW\InscrieriStudenti\angular-cursuri\dist\out-tsc\app\cursuri\cursuri.component.spec.js
D:\an 2 sem 1\DAW\InscrieriStudenti\angular-cursuri\dist\out-tsc\app\cursuri\cursuri.component.spec.js.map
D:\an 2 sem 1\DAW\InscrieriStudenti\angular-cursuri\dist\out-tsc\app\dashboard\dashboard.component.spec.js
D:\an 2 sem 1\DAW\InscrieriStudenti\angular-cursuri\dist\out-tsc\app\dashboard\dashboard.component.spec.js.map
D:\an 2 sem 1\DAW\InscrieriStudenti\angular-cursuri\dist\out-tsc\app\directives\directiveForbidden.js
D:\an 2 sem 1\DAW\InscrieriStudenti\angular-cursuri\dist\out-tsc\app\directives\directiveForbidden.js.map
D:\an 2 sem 1\DAW\InscrieriStudenti\angular-cursuri\dist\out-tsc\app\directives\highlight.directive.spec.js
D:\an 2 sem 1\DAW\InscrieriStudenti\angular-cursuri\dist\out-tsc\app\directives\highlight.directive.spec.js.map
D:\an 2 sem 1\DAW\InscrieriStudenti\angular-cursuri\dist\out-tsc\app\form-test\form-test.component.spec.js
D:\an 2 sem 1\DAW\InscrieriStudenti\angular-cursuri\dist\out-tsc\app\form-test\form-test.component.spec.js.map
D:\an 2 sem 1\DAW\InscrieriStudenti\angular-cursuri\dist\out-tsc\app\hero-child\hero-child.component.spec.js
D:\an 2 sem 1\DAW\InscrieriStudenti\angular-cursuri\dist\out-tsc\app\hero-child\hero-child.component.spec.js.map
D:\an 2 sem 1\DAW\InscrieriStudenti\angular-cursuri\dist\out-tsc\app\hero-parent\hero-parent.component.spec.js
D:\an 2 sem 1\DAW\InscrieriStudenti\angular-cursuri\dist\out-tsc\app\hero-parent\hero-parent.component.spec.js.map
D:\an 2 sem 1\DAW\InscrieriStudenti\angular-cursuri\dist\out-tsc\app\home\home.component.spec.js
D:\an 2 sem 1\DAW\InscrieriStudenti\angular-cursuri\dist\out-tsc\app\home\home.component.spec.js.map
D:\an 2 sem 1\DAW\InscrieriStudenti\angular-cursuri\dist\out-tsc\app\login\login.component.spec.js
D:\an 2 sem 1\DAW\InscrieriStudenti\angular-cursuri\dist\out-tsc\app\login\login.component.spec.js.map
D:\an 2 sem 1\DAW\InscrieriStudenti\angular-cursuri\dist\out-tsc\app\login\register.component.js
D:\an 2 sem 1\DAW\InscrieriStudenti\angular-cursuri\dist\out-tsc\app\login\register.component.js.map
D:\an 2 sem 1\DAW\InscrieriStudenti\angular-cursuri\dist\out-tsc\app\messages\messages.component.spec.js
D:\an 2 sem 1\DAW\InscrieriStudenti\angular-cursuri\dist\out-tsc\app\messages\messages.component.spec.js.map
D:\an 2 sem 1\DAW\InscrieriStudenti\angular-cursuri\dist\out-tsc\app\mission-control\mission-control.component.spec.js
D:\an 2 sem 1\DAW\InscrieriStudenti\angular-cursuri\dist\out-tsc\app\mission-control\mission-control.component.spec.js.map
D:\an 2 sem 1\DAW\InscrieriStudenti\angular-cursuri\dist\out-tsc\app\name-child\name-child.component.spec.js
D:\an 2 sem 1\DAW\InscrieriStudenti\angular-cursuri\dist\out-tsc\app\name-child\name-child.component.spec.js.map
D:\an 2 sem 1\DAW\InscrieriStudenti\angular-cursuri\dist\out-tsc\app\name-parent\name-parent.component.spec.js
D:\an 2 sem 1\DAW\InscrieriStudenti\angular-cursuri\dist\out-tsc\app\name-parent\name-parent.component.spec.js.map
D:\an 2 sem 1\DAW\InscrieriStudenti\angular-cursuri\dist\out-tsc\app\register\register.component.spec.js
D:\an 2 sem 1\DAW\InscrieriStudenti\angular-cursuri\dist\out-tsc\app\register\register.component.spec.js.map
D:\an 2 sem 1\DAW\InscrieriStudenti\angular-cursuri\dist\out-tsc\app\template-driven-test\template-driven-test.component.spec.js
D:\an 2 sem 1\DAW\InscrieriStudenti\angular-cursuri\dist\out-tsc\app\template-driven-test\template-driven-test.component.spec.js.map
D:\an 2 sem 1\DAW\InscrieriStudenti\angular-cursuri\dist\out-tsc\app\voter\voter.component.spec.js
D:\an 2 sem 1\DAW\InscrieriStudenti\angular-cursuri\dist\out-tsc\app\voter\voter.component.spec.js.map
D:\an 2 sem 1\DAW\InscrieriStudenti\angular-cursuri\dist\out-tsc\app\votetaker\votetaker.component.spec.js
D:\an 2 sem 1\DAW\InscrieriStudenti\angular-cursuri\dist\out-tsc\app\votetaker\votetaker.component.spec.js.map
D:\an 2 sem 1\DAW\InscrieriStudenti\angular-cursuri\dist\out-tsc\environments\environment.prod.js
D:\an 2 sem 1\DAW\InscrieriStudenti\angular-cursuri\dist\out-tsc\environments\environment.prod.js.map
